<?xml version="1.0" encoding="UTF-8"?>
<!-- Generated by org.testng.reporters.JUnitXMLReporter -->
<testsuite hostname="ALOHA08-PC" ignored="0" name="Test" tests="5" failures="1" timestamp="21 Jul 2020 09:23:05 GMT" time="216.107" errors="0">
  <testcase name="verifyLoginWithValidCRMCredentials" time="20.568" classname="com.popflow.Automation.testcases.PopFlowHomePageTest"/>
  <testcase name="verifyloginWithInvalidCRMCredentials" time="21.805" classname="com.popflow.Automation.testcases.PopFlowHomePageTest"/>
  <testcase name="verifyAddNewWorkflowFunctionality" time="22.475" classname="com.popflow.Automation.testcases.PopFlowHomePageTest"/>
  <testcase name="verifyDeleteWorkflowFunctionality" time="21.748" classname="com.popflow.Automation.testcases.PopFlowHomePageTest"/>
  <testcase name="verifyDuplicateWorkflowFuncttionality" time="80.829" classname="com.popflow.Automation.testcases.PopFlowHomePageTest">
    <failure type="org.openqa.selenium.TimeoutException" message="Expected condition failed: waiting for element to be clickable: [[ChromeDriver: chrome on WINDOWS (2971580dae7a8aa2c1a85df16b786dec)] -&amp;gt; xpath: /html/body/app-root/div[2]/instance/div/instance-workflow/duplicate-workflow/div/div/div/div[3]/button[2]] (tried for 60 second(s) with 500 milliseconds interval)
Build info: version: &amp;apos;3.141.59&amp;apos;, revision: &amp;apos;e82be7d358&amp;apos;, time: &amp;apos;2018-11-14T08:17:03&amp;apos;
System info: host: &amp;apos;ALOHA08-PC&amp;apos;, ip: &amp;apos;192.168.28.140&amp;apos;, os.name: &amp;apos;Windows 8.1&amp;apos;, os.arch: &amp;apos;amd64&amp;apos;, os.version: &amp;apos;6.3&amp;apos;, java.version: &amp;apos;1.8.0_191&amp;apos;
Driver info: org.openqa.selenium.chrome.ChromeDriver
Capabilities {acceptInsecureCerts: false, browserName: chrome, browserVersion: 84.0.4147.89, chrome: {chromedriverVersion: 83.0.4103.39 (ccbf011cb2d2b..., userDataDir: C:\Users\Aloha8\AppData\Loc...}, goog:chromeOptions: {debuggerAddress: localhost:60792}, javascriptEnabled: true, networkConnectionEnabled: false, pageLoadStrategy: normal, platform: WINDOWS, platformName: WINDOWS, proxy: Proxy(), setWindowRect: true, strictFileInteractability: false, timeouts: {implicit: 0, pageLoad: 300000, script: 30000}, unhandledPromptBehavior: dismiss and notify, webauthn:virtualAuthenticators: true}
Session ID: 2971580dae7a8aa2c1a85df16b786dec">
      <![CDATA[org.openqa.selenium.TimeoutException: Expected condition failed: waiting for element to be clickable: [[ChromeDriver: chrome on WINDOWS (2971580dae7a8aa2c1a85df16b786dec)] -> xpath: /html/body/app-root/div[2]/instance/div/instance-workflow/duplicate-workflow/div/div/div/div[3]/button[2]] (tried for 60 second(s) with 500 milliseconds interval)
Build info: version: '3.141.59', revision: 'e82be7d358', time: '2018-11-14T08:17:03'
System info: host: 'ALOHA08-PC', ip: '192.168.28.140', os.name: 'Windows 8.1', os.arch: 'amd64', os.version: '6.3', java.version: '1.8.0_191'
Driver info: org.openqa.selenium.chrome.ChromeDriver
Capabilities {acceptInsecureCerts: false, browserName: chrome, browserVersion: 84.0.4147.89, chrome: {chromedriverVersion: 83.0.4103.39 (ccbf011cb2d2b..., userDataDir: C:\Users\Aloha8\AppData\Loc...}, goog:chromeOptions: {debuggerAddress: localhost:60792}, javascriptEnabled: true, networkConnectionEnabled: false, pageLoadStrategy: normal, platform: WINDOWS, platformName: WINDOWS, proxy: Proxy(), setWindowRect: true, strictFileInteractability: false, timeouts: {implicit: 0, pageLoad: 300000, script: 30000}, unhandledPromptBehavior: dismiss and notify, webauthn:virtualAuthenticators: true}
Session ID: 2971580dae7a8aa2c1a85df16b786dec
at org.openqa.selenium.support.ui.WebDriverWait.timeoutException(WebDriverWait.java:95)
at org.openqa.selenium.support.ui.FluentWait.until(FluentWait.java:272)
at com.popflow.Automation.helperClass.CommonActions.waitUntilElementTobeClickable(CommonActions.java:49)
at com.popflow.Automation.pageObjects.PopflowHomePage.duplicateWorkFlow(PopflowHomePage.java:181)
at com.popflow.Automation.testcases.PopFlowHomePageTest.verifyDuplicateWorkflowFuncttionality(PopFlowHomePageTest.java:89)
... Removed 25 stack frames]]>
    </failure>
  </testcase> <!-- verifyDuplicateWorkflowFuncttionality -->
</testsuite> <!-- Test -->
